{
  "RSpec": {
    "coverage": {
      "/home/greg/web/MFT/spec/models/fencer_spec.rb": [
        1,
        null,
        1,
        1,
        null
      ],
      "/home/greg/web/MFT/spec/support/factory_girl.rb": [
        1,
        1,
        1,
        null
      ],
      "/home/greg/web/MFT/config/environment.rb": [
        null,
        1,
        null,
        null,
        1
      ],
      "/home/greg/web/MFT/config/application.rb": [
        1,
        null,
        1,
        null,
        null,
        null,
        1,
        null,
        null,
        1,
        1,
        null,
        1,
        null,
        1,
        1,
        null,
        null,
        null,
        null,
        null,
        null,
        null
      ],
      "/home/greg/web/MFT/config/boot.rb": [
        1,
        null,
        1,
        1
      ],
      "/home/greg/web/MFT/config/environments/test.rb": [
        1,
        null,
        null,
        null,
        null,
        null,
        null,
        1,
        null,
        null,
        null,
        null,
        1,
        null,
        null,
        1,
        1,
        null,
        null,
        null,
        null,
        1,
        1,
        null,
        null,
        1,
        null,
        null,
        1,
        null,
        null,
        1,
        null,
        1,
        null,
        null,
        null,
        null,
        1,
        null,
        null,
        1,
        null,
        null,
        null,
        null
      ],
      "/home/greg/web/MFT/config/initializers/application_controller_renderer.rb": [
        null,
        null,
        null,
        null,
        null,
        null,
        null,
        null
      ],
      "/home/greg/web/MFT/config/initializers/assets.rb": [
        null,
        null,
        null,
        1,
        null,
        null,
        null,
        null,
        1,
        null,
        null,
        null,
        null,
        null
      ],
      "/home/greg/web/MFT/config/initializers/backtrace_silencers.rb": [
        null,
        null,
        null,
        null,
        null,
        null,
        null
      ],
      "/home/greg/web/MFT/config/initializers/content_security_policy.rb": [
        null,
        null,
        null,
        null,
        null,
        null,
        null,
        null,
        null,
        null,
        null,
        null,
        null,
        null,
        null,
        null,
        null,
        null,
        null,
        null,
        null,
        null,
        null,
        null,
        null
      ],
      "/home/greg/web/MFT/config/initializers/cookies_serializer.rb": [
        null,
        null,
        null,
        null,
        1
      ],
      "/home/greg/web/MFT/config/initializers/filter_parameter_logging.rb": [
        null,
        null,
        null,
        1
      ],
      "/home/greg/web/MFT/config/initializers/i18n.rb": [
        1,
        null,
        1,
        1
      ],
      "/home/greg/web/MFT/config/initializers/inflections.rb": [
        null,
        null,
        null,
        null,
        null,
        null,
        null,
        null,
        null,
        null,
        null,
        null,
        null,
        null,
        null,
        null
      ],
      "/home/greg/web/MFT/config/initializers/locale.rb": [
        null,
        null,
        null,
        1,
        null,
        null,
        1,
        null,
        null,
        1
      ],
      "/home/greg/web/MFT/config/initializers/mime_types.rb": [
        null,
        null,
        null,
        null
      ],
      "/home/greg/web/MFT/config/initializers/wrap_parameters.rb": [
        null,
        null,
        null,
        null,
        null,
        null,
        1,
        2,
        null,
        null,
        null,
        null,
        null,
        null
      ],
      "/home/greg/web/MFT/config/routes.rb": [
        1,
        1,
        1,
        1,
        1,
        1,
        1,
        1,
        1,
        1,
        1,
        1,
        1,
        1,
        1,
        1,
        null,
        null,
        null,
        1,
        null,
        null
      ],
      "/home/greg/web/MFT/app/helpers/application_helper.rb": [
        null,
        null,
        1,
        1,
        null
      ],
      "/home/greg/web/MFT/app/helpers/contact_helper.rb": [
        null,
        null,
        1,
        null
      ],
      "/home/greg/web/MFT/app/helpers/fill_fencer_helper.rb": [
        null,
        null,
        1,
        null
      ],
      "/home/greg/web/MFT/app/helpers/guided_helper.rb": [
        null,
        null,
        1,
        null
      ],
      "/home/greg/web/MFT/app/helpers/show_suggests_helper.rb": [
        null,
        null,
        1,
        null
      ],
      "/home/greg/web/MFT/app/helpers/training_helper.rb": [
        null,
        null,
        1,
        null
      ],
      "/home/greg/web/MFT/app/helpers/welcome_helper.rb": [
        null,
        null,
        1,
        null
      ],
      "/home/greg/web/MFT/spec/factories/fencers.rb": [
        1,
        1,
        7,
        1,
        1,
        1,
        1,
        null,
        null
      ],
      "/home/greg/web/MFT/app/models/fencer.rb": [
        null,
        null,
        1,
        null
      ],
      "/home/greg/web/MFT/app/models/application_record.rb": [
        null,
        null,
        1,
        1,
        null
      ],
      "/home/greg/web/MFT/spec/services/make_decision_spec.rb": [
        1,
        null,
        1,
        null,
        4,
        null,
        1,
        1,
        null,
        null,
        1,
        1,
        null,
        null,
        1,
        1,
        null,
        null,
        1,
        null,
        1,
        3,
        3,
        null,
        3,
        3,
        null,
        null,
        1,
        null,
        3,
        null,
        3,
        null,
        3,
        null,
        null,
        null,
        3,
        null,
        3,
        null,
        null,
        null,
        null
      ],
      "/home/greg/web/MFT/app/services/make_decision.rb": [
        null,
        null,
        1,
        1,
        null,
        1,
        3,
        3,
        3,
        null,
        null,
        1,
        3,
        3,
        3,
        3,
        3,
        3,
        null,
        3,
        null,
        null,
        null,
        null,
        null,
        null,
        null,
        1,
        null,
        1,
        null,
        6,
        null,
        null,
        null,
        null,
        null,
        null,
        null,
        null,
        null,
        1,
        3,
        3,
        null,
        3,
        3,
        null,
        1,
        null,
        0,
        null,
        0,
        null,
        null,
        null,
        1,
        3,
        3,
        3,
        null,
        3,
        null,
        null,
        1,
        3,
        1,
        2,
        2,
        null,
        0,
        null,
        null,
        null,
        1,
        1,
        null,
        0,
        null,
        1,
        null,
        null,
        null,
        1,
        2,
        null,
        0,
        null,
        1,
        null,
        null,
        null,
        1,
        3,
        3,
        null,
        3,
        2,
        null,
        2,
        null,
        null,
        1,
        3,
        null,
        1,
        null,
        null,
        1,
        3,
        null,
        1,
        null,
        null,
        1,
        3,
        2,
        null,
        1,
        null,
        null,
        1,
        3,
        3,
        null,
        3,
        0,
        3,
        2,
        1,
        1,
        0,
        0,
        null,
        0,
        null,
        null,
        null,
        1,
        3,
        3,
        3,
        null,
        null,
        3,
        null,
        null,
        3,
        3,
        null,
        null,
        3,
        null,
        null,
        1,
        3,
        3,
        6,
        24,
        24,
        null,
        null,
        3,
        null,
        null,
        null
      ],
      "/home/greg/web/MFT/spec/services/make_guided_decision_spec.rb": [
        1,
        null,
        1,
        null,
        null,
        null,
        5,
        null,
        1,
        1,
        null,
        null,
        1,
        1,
        null,
        null,
        1,
        1,
        null,
        null,
        1,
        1,
        null,
        null,
        1,
        null,
        1,
        4,
        4,
        null,
        null
      ],
      "/home/greg/web/MFT/app/services/make_guided_decision.rb": [
        null,
        null,
        1,
        1,
        4,
        4,
        4,
        null,
        null,
        1,
        4,
        4,
        4,
        4,
        4,
        4,
        null,
        null,
        null,
        1,
        null,
        1,
        4,
        2,
        2,
        1,
        null,
        1,
        null,
        null,
        null,
        1,
        4,
        null,
        2,
        null,
        null,
        1,
        4,
        null,
        2,
        null,
        null,
        1,
        4,
        3,
        null,
        2,
        null,
        null
      ]
    },
    "timestamp": 1574596797
  }
}
